# JRE version: OpenJDK Runtime Environment (8.0_181-b13) (build 1.8.0_181-8u181-b13-0ubuntu0.16.04.1-b13)
# Java VM: OpenJDK 64-Bit Server VM (25.181-b13 mixed mode linux-amd64 compressed oops)
Heap:
 garbage-first heap   total 430080K, used 275854K [0x00000000c0000000, 0x00000000c0100d20, 0x0000000100000000)
  region size 1024K, 71 young (72704K), 5 survivors (5120K)
 Metaspace       used 92882K, capacity 102324K, committed 102424K, reserved 1138688K
  class space    used 11185K, capacity 14043K, committed 14104K, reserved 1048576K
GC Heap History (10 events):
Event: 29.029 GC heap before
{Heap before GC invocations=54 (full 0):
 garbage-first heap   total 274432K, used 237086K [0x00000000c0000000, 0x00000000c0100860, 0x0000000100000000)
  region size 1024K, 13 young (13312K), 3 survivors (3072K)
 Metaspace       used 91199K, capacity 100476K, committed 100760K, reserved 1136640K
  class space    used 11022K, capacity 13947K, committed 13976K, reserved 1048576K
Event: 29.057 GC heap after
Heap after GC invocations=55 (full 0):
 garbage-first heap   total 274432K, used 209830K [0x00000000c0000000, 0x00000000c0100860, 0x0000000100000000)
  region size 1024K, 2 young (2048K), 2 survivors (2048K)
 Metaspace       used 91199K, capacity 100476K, committed 100760K, reserved 1136640K
  class space    used 11022K, capacity 13947K, committed 13976K, reserved 1048576K
}
Event: 29.210 GC heap before
{Heap before GC invocations=55 (full 0):
 garbage-first heap   total 274432K, used 221094K [0x00000000c0000000, 0x00000000c0100860, 0x0000000100000000)
  region size 1024K, 13 young (13312K), 2 survivors (2048K)
 Metaspace       used 91205K, capacity 100476K, committed 100760K, reserved 1136640K
  class space    used 11022K, capacity 13947K, committed 13976K, reserved 1048576K
Event: 29.264 GC heap after
Heap after GC invocations=56 (full 0):
 garbage-first heap   total 274432K, used 203091K [0x00000000c0000000, 0x00000000c0100860, 0x0000000100000000)
  region size 1024K, 2 young (2048K), 2 survivors (2048K)
 Metaspace       used 91205K, capacity 100476K, committed 100760K, reserved 1136640K
  class space    used 11022K, capacity 13947K, committed 13976K, reserved 1048576K
}
Event: 29.402 GC heap before
{Heap before GC invocations=56 (full 0):
 garbage-first heap   total 274432K, used 214355K [0x00000000c0000000, 0x00000000c0100860, 0x0000000100000000)
  region size 1024K, 13 young (13312K), 2 survivors (2048K)
 Metaspace       used 91214K, capacity 100484K, committed 100760K, reserved 1136640K
  class space    used 11022K, capacity 13947K, committed 13976K, reserved 1048576K
Event: 29.431 GC heap after
Heap after GC invocations=57 (full 0):
 garbage-first heap   total 274432K, used 204546K [0x00000000c0000000, 0x00000000c0100860, 0x0000000100000000)
  region size 1024K, 2 young (2048K), 2 survivors (2048K)
 Metaspace       used 91214K, capacity 100484K, committed 100760K, reserved 1136640K
  class space    used 11022K, capacity 13947K, committed 13976K, reserved 1048576K
}
Event: 29.776 GC heap before
{Heap before GC invocations=57 (full 0):
 garbage-first heap   total 274432K, used 240386K [0x00000000c0000000, 0x00000000c0100860, 0x0000000100000000)
  region size 1024K, 37 young (37888K), 2 survivors (2048K)
 Metaspace       used 91227K, capacity 100484K, committed 100760K, reserved 1136640K
  class space    used 11023K, capacity 13947K, committed 13976K, reserved 1048576K
Event: 29.799 GC heap after
Heap after GC invocations=58 (full 0):
 garbage-first heap   total 274432K, used 205236K [0x00000000c0000000, 0x00000000c0100860, 0x0000000100000000)
  region size 1024K, 2 young (2048K), 2 survivors (2048K)
 Metaspace       used 91227K, capacity 100484K, committed 100760K, reserved 1136640K
  class space    used 11023K, capacity 13947K, committed 13976K, reserved 1048576K
}
Event: 35.005 GC heap before
{Heap before GC invocations=58 (full 0):
 garbage-first heap   total 274432K, used 242100K [0x00000000c0000000, 0x00000000c0100860, 0x0000000100000000)
  region size 1024K, 38 young (38912K), 2 survivors (2048K)
 Metaspace       used 91492K, capacity 100620K, committed 100760K, reserved 1136640K
  class space    used 11058K, capacity 13950K, committed 13976K, reserved 1048576K
Event: 35.017 GC heap after
Heap after GC invocations=59 (full 0):
 garbage-first heap   total 430080K, used 209300K [0x00000000c0000000, 0x00000000c0100d20, 0x0000000100000000)
  region size 1024K, 5 young (5120K), 5 survivors (5120K)
 Metaspace       used 91492K, capacity 100620K, committed 100760K, reserved 1136640K
  class space    used 11058K, capacity 13950K, committed 13976K, reserved 1048576K
}

